<?xml version="1.0" encoding="UTF-8"?>
<testsuite xmlns:xsi="http://www.w3.org/2001/XMLSchema-instance" xsi:noNamespaceSchemaLocation="https://maven.apache.org/surefire/maven-surefire-plugin/xsd/surefire-test-report-3.0.xsd" version="3.0" name="co.sena.cimm.adso.saludboyaca.util.ValidadorDocumentoTest" time="0.229" tests="21" errors="0" skipped="0" failures="0">
  <properties>
[...]
</properties>
  <testcase name="documento_10digitos_debeSerValido" classname="co.sena.cimm.adso.saludboyaca.util.ValidadorDocumentoTest" time="0.004"/>
  <testcase name="documento_11digitos_debeSerInvalido" classname="co.sena.cimm.adso.saludboyaca.util.ValidadorDocumentoTest" time="0.001"/>
  <testcase name="documento_5digitos_debeSerInvalido" classname="co.sena.cimm.adso.saludboyaca.util.ValidadorDocumentoTest" time="0.005"/>
  <testcase name="documentoInvalido_debeRetornarFalse(String)[1]" classname="co.sena.cimm.adso.saludboyaca.util.ValidadorDocumentoTest" time="0.036"/>
  <testcase name="documentoInvalido_debeRetornarFalse(String)[2]" classname="co.sena.cimm.adso.saludboyaca.util.ValidadorDocumentoTest" time="0.002"/>
  <testcase name="documentoInvalido_debeRetornarFalse(String)[3]" classname="co.sena.cimm.adso.saludboyaca.util.ValidadorDocumentoTest" time="0.001"/>
  <testcase name="documentoInvalido_debeRetornarFalse(String)[4]" classname="co.sena.cimm.adso.saludboyaca.util.ValidadorDocumentoTest" time="0.002"/>
  <testcase name="documentoInvalido_debeRetornarFalse(String)[5]" classname="co.sena.cimm.adso.saludboyaca.util.ValidadorDocumentoTest" time="0.001"/>
  <testcase name="documento_6digitos_debeSerValido" classname="co.sena.cimm.adso.saludboyaca.util.ValidadorDocumentoTest" time="0.002"/>
  <testcase name="documentoValido_debeRetornarTrue(String)[1]" classname="co.sena.cimm.adso.saludboyaca.util.ValidadorDocumentoTest" time="0.001"/>
  <testcase name="documentoValido_debeRetornarTrue(String)[2]" classname="co.sena.cimm.adso.saludboyaca.util.ValidadorDocumentoTest" time="0.001"/>
  <testcase name="documentoValido_debeRetornarTrue(String)[3]" classname="co.sena.cimm.adso.saludboyaca.util.ValidadorDocumentoTest" time="0.002"/>
  <testcase name="documentoValido_debeRetornarTrue(String)[4]" classname="co.sena.cimm.adso.saludboyaca.util.ValidadorDocumentoTest" time="0.001"/>
  <testcase name="documentoValido_debeRetornarTrue(String)[5]" classname="co.sena.cimm.adso.saludboyaca.util.ValidadorDocumentoTest" time="0.001"/>
  <testcase name="documentoValido_debeRetornarTrue(String)[6]" classname="co.sena.cimm.adso.saludboyaca.util.ValidadorDocumentoTest" time="0.001"/>
  <testcase name="documentoNull_debeRetornarFalse" classname="co.sena.cimm.adso.saludboyaca.util.ValidadorDocumentoTest" time="0.001"/>
  <testcase name="esTarjetaIdentidad_variosDocumentos(String, boolean)[1]" classname="co.sena.cimm.adso.saludboyaca.util.ValidadorDocumentoTest" time="0.014"/>
  <testcase name="esTarjetaIdentidad_variosDocumentos(String, boolean)[2]" classname="co.sena.cimm.adso.saludboyaca.util.ValidadorDocumentoTest" time="0.002"/>
  <testcase name="esTarjetaIdentidad_variosDocumentos(String, boolean)[3]" classname="co.sena.cimm.adso.saludboyaca.util.ValidadorDocumentoTest" time="0.001"/>
  <testcase name="esTarjetaIdentidad_variosDocumentos(String, boolean)[4]" classname="co.sena.cimm.adso.saludboyaca.util.ValidadorDocumentoTest" time="0.001"/>
  <testcase name="esTarjetaIdentidad_variosDocumentos(String, boolean)[5]" classname="co.sena.cimm.adso.saludboyaca.util.ValidadorDocumentoTest" time="0.002"/>
</testsuite>